team Apollo2D: Start Player 1
******************************************************************
 librcsc 4.1.0
 Copyright 2000 - 2007. Hidehisa Akiyama.
 Copyright 2007 - 2011. Hidehisa Akiyama and Hiroki Shimora
 All rights reserved.
******************************************************************
*****************************************************************
 This program is based on agent2d created by Hidehisa Akiyama.
 Copyright 2006 - 2011. Hidehisa Akiyama and Hiroki Shimora.
 All rights reserved.
*****************************************************************
Apollo2D: init ok.  unum: 1 side: l
Apollo2D 1:  KickTable created.
Apollo2D 1: [-1, 0] set synch see mode.
team Apollo2D: Start Player 2
******************************************************************
 librcsc 4.1.0
 Copyright 2000 - 2007. Hidehisa Akiyama.
 Copyright 2007 - 2011. Hidehisa Akiyama and Hiroki Shimora
 All rights reserved.
******************************************************************
*****************************************************************
 This program is based on agent2d created by Hidehisa Akiyama.
 Copyright 2006 - 2011. Hidehisa Akiyama and Hiroki Shimora.
 All rights reserved.
*****************************************************************
Apollo2D: init ok.  unum: 2 side: l
Apollo2D 2:  KickTable created.
Apollo2D 2: [-1, 0] set synch see mode.
team Apollo2D: Start Player 3
******************************************************************
 librcsc 4.1.0
 Copyright 2000 - 2007. Hidehisa Akiyama.
 Copyright 2007 - 2011. Hidehisa Akiyama and Hiroki Shimora
 All rights reserved.
******************************************************************
*****************************************************************
 This program is based on agent2d created by Hidehisa Akiyama.
 Copyright 2006 - 2011. Hidehisa Akiyama and Hiroki Shimora.
 All rights reserved.
*****************************************************************
Apollo2D: init ok.  unum: 3 side: l
Apollo2D 3:  KickTable created.
Apollo2D 3: [-1, 0] set synch see mode.
team Apollo2D: Start Player 4
******************************************************************
 librcsc 4.1.0
 Copyright 2000 - 2007. Hidehisa Akiyama.
 Copyright 2007 - 2011. Hidehisa Akiyama and Hiroki Shimora
 All rights reserved.
******************************************************************
*****************************************************************
 This program is based on agent2d created by Hidehisa Akiyama.
 Copyright 2006 - 2011. Hidehisa Akiyama and Hiroki Shimora.
 All rights reserved.
*****************************************************************
Apollo2D: init ok.  unum: 4 side: l
Apollo2D 4:  KickTable created.
Apollo2D 4: [-1, 0] set synch see mode.
team Apollo2D: Start Player 5
******************************************************************
 librcsc 4.1.0
 Copyright 2000 - 2007. Hidehisa Akiyama.
 Copyright 2007 - 2011. Hidehisa Akiyama and Hiroki Shimora
 All rights reserved.
******************************************************************
*****************************************************************
 This program is based on agent2d created by Hidehisa Akiyama.
 Copyright 2006 - 2011. Hidehisa Akiyama and Hiroki Shimora.
 All rights reserved.
*****************************************************************
Apollo2D: init ok.  unum: 5 side: l
Apollo2D 5:  KickTable created.
Apollo2D 5: [-1, 0] set synch see mode.
team Apollo2D: Start Player 6
******************************************************************
 librcsc 4.1.0
 Copyright 2000 - 2007. Hidehisa Akiyama.
 Copyright 2007 - 2011. Hidehisa Akiyama and Hiroki Shimora
 All rights reserved.
******************************************************************
*****************************************************************
 This program is based on agent2d created by Hidehisa Akiyama.
 Copyright 2006 - 2011. Hidehisa Akiyama and Hiroki Shimora.
 All rights reserved.
*****************************************************************
Apollo2D: init ok.  unum: 6 side: l
Apollo2D 6:  KickTable created.
Apollo2D 6: [-1, 0] set synch see mode.
team Apollo2D: Start Player 7
******************************************************************
 librcsc 4.1.0
 Copyright 2000 - 2007. Hidehisa Akiyama.
 Copyright 2007 - 2011. Hidehisa Akiyama and Hiroki Shimora
 All rights reserved.
******************************************************************
*****************************************************************
 This program is based on agent2d created by Hidehisa Akiyama.
 Copyright 2006 - 2011. Hidehisa Akiyama and Hiroki Shimora.
 All rights reserved.
*****************************************************************
Apollo2D: init ok.  unum: 7 side: l
Apollo2D 7:  KickTable created.
Apollo2D 7: [-1, 0] set synch see mode.
team Apollo2D: Start Player 8
******************************************************************
 librcsc 4.1.0
 Copyright 2000 - 2007. Hidehisa Akiyama.
 Copyright 2007 - 2011. Hidehisa Akiyama and Hiroki Shimora
 All rights reserved.
******************************************************************
*****************************************************************
 This program is based on agent2d created by Hidehisa Akiyama.
 Copyright 2006 - 2011. Hidehisa Akiyama and Hiroki Shimora.
 All rights reserved.
*****************************************************************
Apollo2D: init ok.  unum: 8 side: l
Apollo2D 8:  KickTable created.
Apollo2D 8: [-1, 0] set synch see mode.
team Apollo2D: Start Player 9
******************************************************************
 librcsc 4.1.0
 Copyright 2000 - 2007. Hidehisa Akiyama.
 Copyright 2007 - 2011. Hidehisa Akiyama and Hiroki Shimora
 All rights reserved.
******************************************************************
*****************************************************************
 This program is based on agent2d created by Hidehisa Akiyama.
 Copyright 2006 - 2011. Hidehisa Akiyama and Hiroki Shimora.
 All rights reserved.
*****************************************************************
Apollo2D: init ok.  unum: 9 side: l
Apollo2D 9:  KickTable created.
Apollo2D 9: [-1, 0] set synch see mode.
team Apollo2D: Start Player 10
******************************************************************
 librcsc 4.1.0
 Copyright 2000 - 2007. Hidehisa Akiyama.
 Copyright 2007 - 2011. Hidehisa Akiyama and Hiroki Shimora
 All rights reserved.
******************************************************************
*****************************************************************
 This program is based on agent2d created by Hidehisa Akiyama.
 Copyright 2006 - 2011. Hidehisa Akiyama and Hiroki Shimora.
 All rights reserved.
*****************************************************************
Apollo2D: init ok.  unum: 10 side: l
Apollo2D 10:  KickTable created.
Apollo2D 10: [-1, 0] set synch see mode.
team Apollo2D: Start Player 11
******************************************************************
 librcsc 4.1.0
 Copyright 2000 - 2007. Hidehisa Akiyama.
 Copyright 2007 - 2011. Hidehisa Akiyama and Hiroki Shimora
 All rights reserved.
******************************************************************
*****************************************************************
 This program is based on agent2d created by Hidehisa Akiyama.
 Copyright 2006 - 2011. Hidehisa Akiyama and Hiroki Shimora.
 All rights reserved.
*****************************************************************
Apollo2D: init ok.  unum: 11 side: l
Apollo2D 11:  KickTable created.
Apollo2D 11: [-1, 0] set synch see mode.
team Apollo2D: Start Coach
******************************************************************
 librcsc 4.1.0
 Copyright 2000 - 2007. Hidehisa Akiyama.
 Copyright 2007 - 2011. Hidehisa Akiyama and Hiroki Shimora
 All rights reserved.
******************************************************************
*****************************************************************
 This program is based on agent2d created by Hidehisa Akiyama.
 Copyright 2006 - 2011. Hidehisa Akiyama and Hiroki Shimora.
 All rights reserved.
*****************************************************************
Apollo2D coach: [-1, 0] recv (ok eye on)
id speed step inc  power  stam  karea
 0 1.000   6  45.0 100.0  55.0  1.085
 1 0.816   5  44.9 100.0  55.1  1.138
 2 1.023   6  45.4 100.0  54.6  1.037
 3 0.865   5  40.7 100.0  59.3  1.146
 4 0.759   5  49.4 100.0  50.6  1.118
 5 0.975   5  45.2 100.0  54.8  1.069
 6 0.913   5  44.1 100.0  55.9  1.078
 7 0.760   4  44.4 100.0  55.6  1.162
 8 0.908   6  45.1 100.0  54.9  1.056
 9 0.865   5  46.2 100.0  53.8  1.132
 10 0.859   6  46.4 100.0  53.6  1.136
 11 0.801   5  46.6 100.0  53.4  1.091
 12 0.994   5  43.4 100.0  56.6  1.042
 13 0.831   4  46.4 100.0  53.6  1.183
 14 0.808   6  47.7 100.0  52.3  1.025
 15 0.843   5  46.6 100.0  53.4  1.106
 16 0.951   5  41.8 100.0  58.2  0.997
 17 0.866   5  42.3 100.0  57.7  1.000
Apollo2D coach: change player 1 to type 0
Apollo2D coach: change player 11 to type 2
Apollo2D coach: change player 2 to type 12
Apollo2D coach: change player 3 to type 5
Apollo2D coach: change player 10 to type 16
Apollo2D coach: change player 9 to type 6
Apollo2D coach: change player 6 to type 8
Apollo2D coach: change player 4 to type 9
Apollo2D coach: change player 5 to type 17
Apollo2D coach: change player 7 to type 3
Apollo2D coach: change player 8 to type 10
Apollo2D coach: waited 5 seconds. server down??
Apollo2D coach: finished.
Apollo2D 2: waited 5 seconds. server down??
Apollo2D 2: finished.
Apollo2D 5: waited 5 seconds. server down??
Apollo2D 5: finished.
Apollo2D 4: waited 5 seconds. server down??
Apollo2D 4: finished.
Apollo2D 7: waited 5 seconds. server down??
Apollo2D 7: finished.
Apollo2D 10: waited 5 seconds. server down??
Apollo2D 10: finished.
Apollo2D 9: waited 5 seconds. server down??
Apollo2D 9: finished.
Apollo2D 1: waited 5 seconds. server down??
Apollo2D 1: finished.
Apollo2D 3: waited 5 seconds. server down??
Apollo2D 3: finished.
Apollo2D 6: waited 5 seconds. server down??
Apollo2D 6: finished.
Apollo2D 11: waited 5 seconds. server down??
Apollo2D 11: finished.
Apollo2D 8: waited 5 seconds. server down??
Apollo2D 8: finished.
