******************************************************************
 HELIOS base
 Created by Hidehisa Akiyama and Hiroki Shimora
 Copyright 2000-2007.  Hidehisa Akiyama
 Copyright 2007-2012.  Hidehisa Akiyama and Hiroki Shimora
 All rights reserved.
******************************************************************
PING localhost (127.0.0.1) 56(84) bytes of data.
64 bytes from localhost (127.0.0.1): icmp_seq=1 ttl=64 time=0.017 ms

--- localhost ping statistics ---
1 packets transmitted, 1 received, 0% packet loss, time 0ms
rtt min/avg/max/mdev = 0.017/0.017/0.017/0.000 ms
******************************************************************
 librcsc 4.1.0
 Copyright 2000 - 2007. Hidehisa Akiyama.
 Copyright 2007 - 2011. Hidehisa Akiyama and Hiroki Shimora
 All rights reserved.
******************************************************************
*****************************************************************
 This program is based on agent2d created by Hidehisa Akiyama.
 Copyright 2006 - 2011. Hidehisa Akiyama and Hiroki Shimora.
 All rights reserved.
*****************************************************************
CYRUS: init ok.  unum: 1 side: r
CYRUS 1:  KickTable created.
CYRUS 1: [-1, 0] set synch see mode.
******************************************************************
 librcsc 4.1.0
 Copyright 2000 - 2007. Hidehisa Akiyama.
 Copyright 2007 - 2011. Hidehisa Akiyama and Hiroki Shimora
 All rights reserved.
******************************************************************
*****************************************************************
 This program is based on agent2d created by Hidehisa Akiyama.
 Copyright 2006 - 2011. Hidehisa Akiyama and Hiroki Shimora.
 All rights reserved.
*****************************************************************
CYRUS: init ok.  unum: 2 side: r
******************************************************************
 librcsc 4.1.0
 Copyright 2000 - 2007. Hidehisa Akiyama.
 Copyright 2007 - 2011. Hidehisa Akiyama and Hiroki Shimora
 All rights reserved.
******************************************************************
*****************************************************************
 This program is based on agent2d created by Hidehisa Akiyama.
 Copyright 2006 - 2011. Hidehisa Akiyama and Hiroki Shimora.
 All rights reserved.
*****************************************************************
******************************************************************
 librcsc 4.1.0
 Copyright 2000 - 2007. Hidehisa Akiyama.
 Copyright 2007 - 2011. Hidehisa Akiyama and Hiroki Shimora
 All rights reserved.
******************************************************************
CYRUS: init ok.  unum: 3 side: r
CYRUS 2:  KickTable created.
CYRUS 2: [-1, 0] set synch see mode.
******************************************************************
 librcsc 4.1.0
 Copyright 2000 - 2007. Hidehisa Akiyama.
 Copyright 2007 - 2011. Hidehisa Akiyama and Hiroki Shimora
 All rights reserved.
******************************************************************
*****************************************************************
 This program is based on agent2d created by Hidehisa Akiyama.
 Copyright 2006 - 2011. Hidehisa Akiyama and Hiroki Shimora.
 All rights reserved.
*****************************************************************
CYRUS: init ok.  unum: 4 side: r
*****************************************************************
 This program is based on agent2d created by Hidehisa Akiyama.
 Copyright 2006 - 2011. Hidehisa Akiyama and Hiroki Shimora.
 All rights reserved.
*****************************************************************
CYRUS 3:  KickTable created.
CYRUS 3: [0, 1] set synch see mode.
******************************************************************
 librcsc 4.1.0
 Copyright 2000 - 2007. Hidehisa Akiyama.
 Copyright 2007 - 2011. Hidehisa Akiyama and Hiroki Shimora
 All rights reserved.
******************************************************************
CYRUS: init ok.  unum: 5 side: r
CYRUS 4:  KickTable created.
CYRUS 4: [-1, 0] set synch see mode.
*****************************************************************
 This program is based on agent2d created by Hidehisa Akiyama.
 Copyright 2006 - 2011. Hidehisa Akiyama and Hiroki Shimora.
 All rights reserved.
*****************************************************************
CYRUS 5:  KickTable created.
CYRUS 5: [-1, 0] set synch see mode.
CYRUS: init ok.  unum: 6 side: r
******************************************************************
 librcsc 4.1.0
 Copyright 2000 - 2007. Hidehisa Akiyama.
 Copyright 2007 - 2011. Hidehisa Akiyama and Hiroki Shimora
 All rights reserved.
******************************************************************
******************************************************************
 librcsc 4.1.0
 Copyright 2000 - 2007. Hidehisa Akiyama.
 Copyright 2007 - 2011. Hidehisa Akiyama and Hiroki Shimora
 All rights reserved.
******************************************************************
CYRUS 6:  KickTable created.
CYRUS 6: [-1, 0] set synch see mode.
*****************************************************************
 This program is based on agent2d created by Hidehisa Akiyama.
 Copyright 2006 - 2011. Hidehisa Akiyama and Hiroki Shimora.
 All rights reserved.
*****************************************************************
******************************************************************
 librcsc 4.1.0
 Copyright 2000 - 2007. Hidehisa Akiyama.
 Copyright 2007 - 2011. Hidehisa Akiyama and Hiroki Shimora
 All rights reserved.
******************************************************************
CYRUS: init ok.  unum: 7 side: r
*****************************************************************
 This program is based on agent2d created by Hidehisa Akiyama.
 Copyright 2006 - 2011. Hidehisa Akiyama and Hiroki Shimora.
 All rights reserved.
*****************************************************************
CYRUS: init ok.  unum: 8 side: r
CYRUS 7:  KickTable created.
*****************************************************************
 This program is based on agent2d created by Hidehisa Akiyama.
 Copyright 2006 - 2011. Hidehisa Akiyama and Hiroki Shimora.
 All rights reserved.
*****************************************************************
CYRUS 7: [-1, 0] set synch see mode.
******************************************************************
 librcsc 4.1.0
 Copyright 2000 - 2007. Hidehisa Akiyama.
 Copyright 2007 - 2011. Hidehisa Akiyama and Hiroki Shimora
 All rights reserved.
******************************************************************
CYRUS: init ok.  unum: 9 side: r
*****************************************************************
 This program is based on agent2d created by Hidehisa Akiyama.
 Copyright 2006 - 2011. Hidehisa Akiyama and Hiroki Shimora.
 All rights reserved.
*****************************************************************
CYRUS 8:  KickTable created.
CYRUS 8: [-1, 0] set synch see mode.
CYRUS: init ok.  unum: 10 side: r
******************************************************************
 librcsc 4.1.0
 Copyright 2000 - 2007. Hidehisa Akiyama.
 Copyright 2007 - 2011. Hidehisa Akiyama and Hiroki Shimora
 All rights reserved.
******************************************************************
CYRUS 9:  KickTable created.
CYRUS 9: [-1, 0] set synch see mode.
*****************************************************************
 This program is based on agent2d created by Hidehisa Akiyama.
 Copyright 2006 - 2011. Hidehisa Akiyama and Hiroki Shimora.
 All rights reserved.
*****************************************************************
CYRUS 10:  KickTable created.
CYRUS 10: [-1, 0] set synch see mode.
CYRUS: init ok.  unum: 11 side: r
******************************************************************
 librcsc 4.1.0
 Copyright 2000 - 2007. Hidehisa Akiyama.
 Copyright 2007 - 2011. Hidehisa Akiyama and Hiroki Shimora
 All rights reserved.
******************************************************************
*****************************************************************
 This program is based on agent2d created by Hidehisa Akiyama.
 Copyright 2006 - 2011. Hidehisa Akiyama and Hiroki Shimora.
 All rights reserved.
*****************************************************************
CYRUS 11:  KickTable created.
CYRUS 11: [-1, 0] set synch see mode.
CYRUS coach: [-1, 0] recv (ok eye on)
Read Setting: ./data/settings/Other.json
Read Setting: ./data/settings/Other.json
Read Setting: ./data/settings/Other.json
Read Setting: ./data/settings/Other.json
Read Setting: ./data/settings/Other.json
Read Setting: ./data/settings/Other.json
Read Setting: ./data/settings/Other.json
Read Setting: ./data/settings/Other.json
Read Setting: ./data/settings/Other.json
Read Setting: ./data/settings/Other.json
id speed step inc  power  stam  karea
 0 1.000   6  45.0 100.0  55.0  1.085
 1 0.816   5  44.9 100.0  55.1  1.138
 2 1.023   6  45.4 100.0  54.6  1.037
 3 0.865   5  40.7 100.0  59.3  1.146
 4 0.759   5  49.4 100.0  50.6  1.118
 5 0.975   5  45.2 100.0  54.8  1.069
 6 0.913   5  44.1 100.0  55.9  1.078
 7 0.760   4  44.4 100.0  55.6  1.162
 8 0.908   6  45.1 100.0  54.9  1.056
 9 0.865   5  46.2 100.0  53.8  1.132
 10 0.859   6  46.4 100.0  53.6  1.136
 11 0.801   5  46.6 100.0  53.4  1.091
 12 0.994   5  43.4 100.0  56.6  1.042
 13 0.831   4  46.4 100.0  53.6  1.183
 14 0.808   6  47.7 100.0  52.3  1.025
 15 0.843   5  46.6 100.0  53.4  1.106
 16 0.951   5  41.8 100.0  58.2  0.997
 17 0.866   5  42.3 100.0  57.7  1.000
CYRUS coach: change player 1 to type 0
CYRUS coach: change player 9 to type 2
CYRUS coach: change player 2 to type 12
CYRUS coach: change player 11 to type 5
CYRUS coach: change player 5 to type 8
CYRUS coach: change player 10 to type 16
CYRUS coach: change player 3 to type 6
CYRUS coach: change player 4 to type 9
CYRUS coach: change player 7 to type 17
CYRUS coach: change player 8 to type 3
CYRUS coach: change player 6 to type 10
Read Setting: ./data/settings/Other.json
CYRUS coach: waited 5 seconds. server down??
CYRUS coach: finished.
CYRUS 1: waited 5 seconds. server down??
CYRUS 1: finished.
CYRUS 9: waited 5 seconds. server down??
CYRUS 9: finished.
CYRUS 3: waited 5 seconds. server down??
CYRUS 3: finished.
CYRUS 8: waited 5 seconds. server down??
CYRUS 8: finished.
CYRUS 2: waited 5 seconds. server down??
CYRUS 2: finished.
CYRUS 5: waited 5 seconds. server down??
CYRUS 7: waited 5 seconds. server down??
CYRUS 7: finished.
CYRUS 5: finished.
CYRUS 6: waited 5 seconds. server down??
CYRUS 6: finished.
CYRUS 11: waited 5 seconds. server down??
CYRUS 11: finished.
CYRUS 10: waited 5 seconds. server down??
CYRUS 10: finished.
CYRUS 4: waited 5 seconds. server down??
CYRUS 4: finished.
